#
# There is insufficient memory for the Java Runtime Environment to continue.
# Native memory allocation (malloc) failed to allocate 1104096 bytes for Chunk::new
# Possible reasons:
#   The system is out of physical RAM or swap space
#   The process is running with CompressedOops enabled, and the Java Heap may be blocking the growth of the native heap
# Possible solutions:
#   Reduce memory load on the system
#   Increase physical memory or swap space
#   Check if swap backing store is full
#   Decrease Java heap size (-Xmx/-Xms)
#   Decrease number of Java threads
#   Decrease Java thread stack sizes (-Xss)
#   Set larger code cache with -XX:ReservedCodeCacheSize=
#   JVM is running with Unscaled Compressed Oops mode in which the Java heap is
#     placed in the first 4GB address space. The Java Heap base address is the
#     maximum limit for the native heap growth. Please use -XX:HeapBaseMinAddress
#     to set the Java Heap base and to place the Java Heap above 4GB virtual address.
# This output file may be truncated or incomplete.
#
#  Out of Memory Error (c:/BuildAgent/work/5ff2f6c26000d570/src/hotspot/share/memory/arena.cpp:197), pid=22876, tid=376
#
# JRE version: OpenJDK Runtime Environment (11.0.4+10) (build 11.0.4+10-b304.69)
# Java VM: OpenJDK 64-Bit Server VM (11.0.4+10-b304.69, mixed mode, sharing, tiered, compressed oops, g1 gc, windows-amd64)
# No core dump will be written. Minidumps are not enabled by default on client versions of Windows
#

---------------  S U M M A R Y ------------

Command Line: -Dmaven.multiModuleProjectDirectory=E:\IdeaProjects\commongeneticalgorithm -Dmaven.home=D:\JetBrains\IntelliJ IDEA 2019.2.3\plugins\maven\lib\maven3 -Dclassworlds.conf=D:\JetBrains\IntelliJ IDEA 2019.2.3\plugins\maven\lib\maven3\bin\m2.conf -Dmaven.ext.class.path=D:\JetBrains\IntelliJ IDEA 2019.2.3\plugins\maven\lib\maven-event-listener.jar -javaagent:D:\JetBrains\IntelliJ IDEA 2019.2.3\lib\idea_rt.jar=53952:D:\JetBrains\IntelliJ IDEA 2019.2.3\bin -Dfile.encoding=UTF-8 org.codehaus.classworlds.Launcher -Didea.version2019.2.3 -s D:\apache-maven-3.5.4-bin\apache-maven-3.5.4\conf\settings.xml install

Host: Intel(R) Core(TM) i5-8250U CPU @ 1.60GHz, 8 cores, 7G,  Windows 10 , 64 bit Build 18362 (10.0.18362.900)
Time: Fri Jul  3 14:49:49 2020 ?D1¨²¡À¨º¡Á?¨º¡À?? elapsed time: 9 seconds (0d 0h 0m 9s)

---------------  T H R E A D  ---------------

Current thread (0x000002e627f89000):  JavaThread "C2 CompilerThread0" daemon [_thread_in_native, id=376, stack(0x000000f803400000,0x000000f803500000)]


Current CompileTask:
C2:   9294 5910   !   4       com.google.inject.spi.InjectionPoint::getInjectionPoints (489 bytes)

Stack: [0x000000f803400000,0x000000f803500000]
Native frames: (J=compiled Java code, j=interpreted, Vv=VM code, C=native code)
V  [jvm.dll+0x5db31a]
V  [jvm.dll+0x70c395]
V  [jvm.dll+0x70d8b8]
V  [jvm.dll+0x70df83]
V  [jvm.dll+0x23dbb8]
V  [jvm.dll+0xb91fc]
V  [jvm.dll+0xb96fc]
V  [jvm.dll+0x2b1834]
V  [jvm.dll+0x5000e2]
V  [jvm.dll+0x1f938c]
V  [jvm.dll+0x1f698f]
V  [jvm.dll+0x17fd7c]
V  [jvm.dll+0x204d17]
V  [jvm.dll+0x2035b2]
V  [jvm.dll+0x6d956f]
V  [jvm.dll+0x6d236d]
V  [jvm.dll+0x5da5e6]
C  [ucrtbase.dll+0x20e82]
C  [KERNEL32.DLL+0x17bd4]
C  [ntdll.dll+0x6ce51]


---------------  P R O C E S S  ---------------

Threads class SMR info:
_java_thread_list=0x000002e6298a28a0, length=13, elements={
0x000002e60d066000, 0x000002e627f67800, 0x000002e627f6b800, 0x000002e627f85000,
0x000002e627f88000, 0x000002e627f89000, 0x000002e627f8e800, 0x000002e627f8c000,
0x000002e627f4c000, 0x000002e628a5e000, 0x000002e628a6f000, 0x000002e628deb800,
0x000002e6291cb800
}

Java Threads: ( => current thread )
  0x000002e60d066000 JavaThread "main" [_thread_in_native, id=3516, stack(0x000000f802900000,0x000000f802a00000)]
  0x000002e627f67800 JavaThread "Reference Handler" daemon [_thread_blocked, id=11476, stack(0x000000f803000000,0x000000f803100000)]
  0x000002e627f6b800 JavaThread "Finalizer" daemon [_thread_blocked, id=19904, stack(0x000000f803100000,0x000000f803200000)]
  0x000002e627f85000 JavaThread "Signal Dispatcher" daemon [_thread_blocked, id=19520, stack(0x000000f803200000,0x000000f803300000)]
  0x000002e627f88000 JavaThread "Attach Listener" daemon [_thread_blocked, id=18200, stack(0x000000f803300000,0x000000f803400000)]
=>0x000002e627f89000 JavaThread "C2 CompilerThread0" daemon [_thread_in_native, id=376, stack(0x000000f803400000,0x000000f803500000)]
  0x000002e627f8e800 JavaThread "C1 CompilerThread0" daemon [_thread_blocked, id=17940, stack(0x000000f803500000,0x000000f803600000)]
  0x000002e627f8c000 JavaThread "Sweeper thread" daemon [_thread_blocked, id=13156, stack(0x000000f803600000,0x000000f803700000)]
  0x000002e627f4c000 JavaThread "Common-Cleaner" daemon [_thread_blocked, id=1988, stack(0x000000f803700000,0x000000f803800000)]
  0x000002e628a5e000 JavaThread "Monitor Ctrl-Break" daemon [_thread_in_native, id=19780, stack(0x000000f803900000,0x000000f803a00000)]
  0x000002e628a6f000 JavaThread "Service Thread" daemon [_thread_blocked, id=8488, stack(0x000000f803a00000,0x000000f803b00000)]
  0x000002e628deb800 JavaThread "C2 CompilerThread1" daemon [_thread_in_native, id=19788, stack(0x000000f803800000,0x000000f803900000)]
  0x000002e6291cb800 JavaThread "C2 CompilerThread2" daemon [_thread_in_native, id=6752, stack(0x000000f803c00000,0x000000f803d00000)]

Other Threads:
  0x000002e627f64800 VMThread "VM Thread" [stack: 0x000000f802f00000,0x000000f803000000] [id=16392]
  0x000002e628a74800 WatcherThread [stack: 0x000000f803b00000,0x000000f803c00000] [id=12656]
  0x000002e60d07c000 GCTaskThread "GC Thread#0" [stack: 0x000000f802a00000,0x000000f802b00000] [id=6736]
  0x000002e629309800 GCTaskThread "GC Thread#1" [stack: 0x000000f803d00000,0x000000f803e00000] [id=9064]
  0x000002e62930a000 GCTaskThread "GC Thread#2" [stack: 0x000000f803e00000,0x000000f803f00000] [id=3656]
  0x000002e60d0ad000 ConcurrentGCThread "G1 Main Marker" [stack: 0x000000f802b00000,0x000000f802c00000] [id=23452]
  0x000002e60d0ae800 ConcurrentGCThread "G1 Conc#0" [stack: 0x000000f802c00000,0x000000f802d00000] [id=18400]
  0x000002e62ae33800 ConcurrentGCThread "G1 Conc#1" [stack: 0x000000f803f00000,0x000000f804000000] [id=1484]
  0x000002e627df4800 ConcurrentGCThread "G1 Refine#0" [stack: 0x000000f802d00000,0x000000f802e00000] [id=21044]
  0x000002e628fdf800 ConcurrentGCThread "G1 Refine#1" [stack: 0x000000f804000000,0x000000f804100000] [id=15612]
  0x000002e62a14e800 ConcurrentGCThread "G1 Refine#2" [stack: 0x000000f804100000,0x000000f804200000] [id=9068]
  0x000002e627df5000 ConcurrentGCThread "G1 Young RemSet Sampling" [stack: 0x000000f802e00000,0x000000f802f00000] [id=14228]

Threads with active compile tasks:
C2 CompilerThread05910   !   4       com.google.inject.spi.InjectionPoint::getInjectionPoints (489 bytes)
C2 CompilerThread15967   !   4       com.google.inject.internal.SingletonScope$1::get (425 bytes)
C2 CompilerThread25990   !   4       org.codehaus.plexus.interpolation.reflection.ReflectionValueExtractor::getPropertyValue (114 bytes)

VM state:not at safepoint (normal execution)

VM Mutex/Monitor currently owned by a thread: None

Heap address: 0x0000000081e00000, size: 2018 MB, Compressed Oops mode: 32-bit
Narrow klass base: 0x0000000800000000, Narrow klass shift: 3
Compressed class space size: 1073741824 Address: 0x0000000840000000

Heap:
 garbage-first heap   total 157696K, used 33422K [0x0000000081e00000, 0x0000000100000000)
  region size 1024K, 16 young (16384K), 3 survivors (3072K)
 Metaspace       used 28899K, capacity 29887K, committed 30076K, reserved 1075200K
  class space    used 3276K, capacity 3591K, committed 3712K, reserved 1048576K
Heap Regions: E=young(eden), S=young(survivor), O=old, HS=humongous(starts), HC=humongous(continues), CS=collection set, F=free, A=archive, TAMS=top-at-mark-start (previous, next)
|   0|0x0000000081e00000, 0x0000000081f00000, 0x0000000081f00000|100%| O|  |TAMS 0x0000000081f00000, 0x0000000081e00000| Untracked 
|   1|0x0000000081f00000, 0x0000000082000000, 0x0000000082000000|100%| O|  |TAMS 0x0000000082000000, 0x0000000081f00000| Untracked 
|   2|0x0000000082000000, 0x0000000082100000, 0x0000000082100000|100%| O|  |TAMS 0x0000000082100000, 0x0000000082000000| Untracked 
|   3|0x0000000082100000, 0x0000000082200000, 0x0000000082200000|100%| O|  |TAMS 0x0000000082200000, 0x0000000082100000| Untracked 
|   4|0x0000000082200000, 0x0000000082300000, 0x0000000082300000|100%| O|  |TAMS 0x0000000082300000, 0x0000000082200000| Untracked 
|   5|0x0000000082300000, 0x0000000082400000, 0x0000000082400000|100%| O|  |TAMS 0x0000000082400000, 0x0000000082300000| Untracked 
|   6|0x0000000082400000, 0x0000000082500000, 0x0000000082500000|100%| O|  |TAMS 0x0000000082500000, 0x0000000082400000| Untracked 
|   7|0x0000000082500000, 0x0000000082600000, 0x0000000082600000|100%| O|  |TAMS 0x000000008257d200, 0x0000000082500000| Untracked 
|   8|0x0000000082600000, 0x0000000082700000, 0x0000000082700000|100%| O|  |TAMS 0x0000000082600000, 0x0000000082600000| Untracked 
|   9|0x0000000082700000, 0x0000000082800000, 0x0000000082800000|100%| O|  |TAMS 0x0000000082700000, 0x0000000082700000| Untracked 
|  10|0x0000000082800000, 0x0000000082900000, 0x0000000082900000|100%| O|  |TAMS 0x0000000082800000, 0x0000000082800000| Untracked 
|  11|0x0000000082900000, 0x0000000082a00000, 0x0000000082a00000|100%| O|  |TAMS 0x0000000082900000, 0x0000000082900000| Untracked 
|  12|0x0000000082a00000, 0x0000000082b00000, 0x0000000082b00000|100%| O|  |TAMS 0x0000000082a00000, 0x0000000082a00000| Untracked 
|  13|0x0000000082b00000, 0x0000000082c00000, 0x0000000082c00000|100%| O|  |TAMS 0x0000000082b00000, 0x0000000082b00000| Untracked 
|  14|0x0000000082c00000, 0x0000000082d00000, 0x0000000082d00000|100%| O|  |TAMS 0x0000000082c00000, 0x0000000082c00000| Untracked 
|  15|0x0000000082d00000, 0x0000000082e00000, 0x0000000082e00000|100%| O|  |TAMS 0x0000000082d00000, 0x0000000082d00000| Untracked 
|  16|0x0000000082e00000, 0x0000000082f00000, 0x0000000082f00000|100%| O|  |TAMS 0x0000000082e00000, 0x0000000082e00000| Untracked 
|  17|0x0000000082f00000, 0x0000000082fcd200, 0x0000000083000000| 80%| O|  |TAMS 0x0000000082f00000, 0x0000000082f00000| Untracked 
|  18|0x0000000083000000, 0x0000000083000000, 0x0000000083100000|  0%| F|  |TAMS 0x0000000083000000, 0x0000000083000000| Untracked 
|  19|0x0000000083100000, 0x0000000083100000, 0x0000000083200000|  0%| F|  |TAMS 0x0000000083100000, 0x0000000083100000| Untracked 
|  20|0x0000000083200000, 0x0000000083200000, 0x0000000083300000|  0%| F|  |TAMS 0x0000000083200000, 0x0000000083200000| Untracked 
|  21|0x0000000083300000, 0x0000000083300000, 0x0000000083400000|  0%| F|  |TAMS 0x0000000083300000, 0x0000000083300000| Untracked 
|  22|0x0000000083400000, 0x0000000083400000, 0x0000000083500000|  0%| F|  |TAMS 0x0000000083400000, 0x0000000083400000| Untracked 
|  23|0x0000000083500000, 0x0000000083500000, 0x0000000083600000|  0%| F|  |TAMS 0x0000000083500000, 0x0000000083500000| Untracked 
|  24|0x0000000083600000, 0x0000000083600000, 0x0000000083700000|  0%| F|  |TAMS 0x0000000083600000, 0x0000000083600000| Untracked 
|  25|0x0000000083700000, 0x0000000083700000, 0x0000000083800000|  0%| F|  |TAMS 0x0000000083700000, 0x0000000083700000| Untracked 
|  26|0x0000000083800000, 0x0000000083800000, 0x0000000083900000|  0%| F|  |TAMS 0x0000000083800000, 0x0000000083800000| Untracked 
|  27|0x0000000083900000, 0x0000000083900000, 0x0000000083a00000|  0%| F|  |TAMS 0x0000000083900000, 0x0000000083900000| Untracked 
|  28|0x0000000083a00000, 0x0000000083a00000, 0x0000000083b00000|  0%| F|  |TAMS 0x0000000083a00000, 0x0000000083a00000| Untracked 
|  29|0x0000000083b00000, 0x0000000083b00000, 0x0000000083c00000|  0%| F|  |TAMS 0x0000000083b00000, 0x0000000083b00000| Untracked 
|  30|0x0000000083c00000, 0x0000000083c00000, 0x0000000083d00000|  0%| F|  |TAMS 0x0000000083c00000, 0x0000000083c00000| Untracked 
|  31|0x0000000083d00000, 0x0000000083d00000, 0x0000000083e00000|  0%| F|  |TAMS 0x0000000083d00000, 0x0000000083d00000| Untracked 
|  32|0x0000000083e00000, 0x0000000083e00000, 0x0000000083f00000|  0%| F|  |TAMS 0x0000000083e00000, 0x0000000083e00000| Untracked 
|  33|0x0000000083f00000, 0x0000000083f00000, 0x0000000084000000|  0%| F|  |TAMS 0x0000000083f00000, 0x0000000083f00000| Untracked 
|  34|0x0000000084000000, 0x0000000084000000, 0x0000000084100000|  0%| F|  |TAMS 0x0000000084000000, 0x0000000084000000| Untracked 
|  35|0x0000000084100000, 0x0000000084100000, 0x0000000084200000|  0%| F|  |TAMS 0x0000000084100000, 0x0000000084100000| Untracked 
|  36|0x0000000084200000, 0x0000000084200000, 0x0000000084300000|  0%| F|  |TAMS 0x0000000084200000, 0x0000000084200000| Untracked 
|  37|0x0000000084300000, 0x0000000084300000, 0x0000000084400000|  0%| F|  |TAMS 0x0000000084300000, 0x0000000084300000| Untracked 
|  38|0x0000000084400000, 0x0000000084400000, 0x0000000084500000|  0%| F|  |TAMS 0x0000000084400000, 0x0000000084400000| Untracked 
|  39|0x0000000084500000, 0x0000000084500000, 0x0000000084600000|  0%| F|  |TAMS 0x0000000084500000, 0x0000000084500000| Untracked 
|  40|0x0000000084600000, 0x0000000084600000, 0x0000000084700000|  0%| F|  |TAMS 0x0000000084600000, 0x0000000084600000| Untracked 
|  41|0x0000000084700000, 0x0000000084700000, 0x0000000084800000|  0%| F|  |TAMS 0x0000000084700000, 0x0000000084700000| Untracked 
|  42|0x0000000084800000, 0x0000000084800000, 0x0000000084900000|  0%| F|  |TAMS 0x0000000084800000, 0x0000000084800000| Untracked 
|  43|0x0000000084900000, 0x0000000084900000, 0x0000000084a00000|  0%| F|  |TAMS 0x0000000084900000, 0x0000000084900000| Untracked 
|  44|0x0000000084a00000, 0x0000000084a00000, 0x0000000084b00000|  0%| F|  |TAMS 0x0000000084a00000, 0x0000000084a00000| Untracked 
|  45|0x0000000084b00000, 0x0000000084b00000, 0x0000000084c00000|  0%| F|  |TAMS 0x0000000084b00000, 0x0000000084b00000| Untracked 
|  46|0x0000000084c00000, 0x0000000084c00000, 0x0000000084d00000|  0%| F|  |TAMS 0x0000000084c00000, 0x0000000084c00000| Untracked 
|  47|0x0000000084d00000, 0x0000000084d00000, 0x0000000084e00000|  0%| F|  |TAMS 0x0000000084d00000, 0x0000000084d00000| Untracked 
|  48|0x0000000084e00000, 0x0000000084e00000, 0x0000000084f00000|  0%| F|  |TAMS 0x0000000084e00000, 0x0000000084e00000| Untracked 
|  49|0x0000000084f00000, 0x0000000084f00000, 0x0000000085000000|  0%| F|  |TAMS 0x0000000084f00000, 0x0000000084f00000| Untracked 
|  50|0x0000000085000000, 0x0000000085000000, 0x0000000085100000|  0%| F|  |TAMS 0x0000000085000000, 0x0000000085000000| Untracked 
|  51|0x0000000085100000, 0x0000000085100000, 0x0000000085200000|  0%| F|  |TAMS 0x0000000085100000, 0x0000000085100000| Untracked 
|  52|0x0000000085200000, 0x0000000085200000, 0x0000000085300000|  0%| F|  |TAMS 0x0000000085200000, 0x0000000085200000| Untracked 
|  53|0x0000000085300000, 0x0000000085300000, 0x0000000085400000|  0%| F|  |TAMS 0x0000000085300000, 0x0000000085300000| Untracked 
|  54|0x0000000085400000, 0x0000000085400000, 0x0000000085500000|  0%| F|  |TAMS 0x0000000085400000, 0x0000000085400000| Untracked 
|  55|0x0000000085500000, 0x0000000085500000, 0x0000000085600000|  0%| F|  |TAMS 0x0000000085500000, 0x0000000085500000| Untracked 
|  56|0x0000000085600000, 0x0000000085600000, 0x0000000085700000|  0%| F|  |TAMS 0x0000000085600000, 0x0000000085600000| Untracked 
|  57|0x0000000085700000, 0x0000000085700000, 0x0000000085800000|  0%| F|  |TAMS 0x0000000085700000, 0x0000000085700000| Untracked 
|  58|0x0000000085800000, 0x0000000085800000, 0x0000000085900000|  0%| F|  |TAMS 0x0000000085800000, 0x0000000085800000| Untracked 
|  59|0x0000000085900000, 0x0000000085900000, 0x0000000085a00000|  0%| F|  |TAMS 0x0000000085900000, 0x0000000085900000| Untracked 
|  60|0x0000000085a00000, 0x0000000085a00000, 0x0000000085b00000|  0%| F|  |TAMS 0x0000000085a00000, 0x0000000085a00000| Untracked 
|  61|0x0000000085b00000, 0x0000000085b00000, 0x0000000085c00000|  0%| F|  |TAMS 0x0000000085b00000, 0x0000000085b00000| Untracked 
|  62|0x0000000085c00000, 0x0000000085c00000, 0x0000000085d00000|  0%| F|  |TAMS 0x0000000085c00000, 0x0000000085c00000| Untracked 
|  63|0x0000000085d00000, 0x0000000085d00000, 0x0000000085e00000|  0%| F|  |TAMS 0x0000000085d00000, 0x0000000085d00000| Untracked 
|  64|0x0000000085e00000, 0x0000000085e00000, 0x0000000085f00000|  0%| F|  |TAMS 0x0000000085e00000, 0x0000000085e00000| Untracked 
|  65|0x0000000085f00000, 0x0000000085f00000, 0x0000000086000000|  0%| F|  |TAMS 0x0000000085f00000, 0x0000000085f00000| Untracked 
|  66|0x0000000086000000, 0x0000000086000000, 0x0000000086100000|  0%| F|  |TAMS 0x0000000086000000, 0x0000000086000000| Untracked 
|  67|0x0000000086100000, 0x00000000861d6720, 0x0000000086200000| 83%| S|CS|TAMS 0x0000000086100000, 0x0000000086100000| Complete 
|  68|0x0000000086200000, 0x0000000086300000, 0x0000000086300000|100%| S|CS|TAMS 0x0000000086200000, 0x0000000086200000| Complete 
|  69|0x0000000086300000, 0x0000000086400000, 0x0000000086400000|100%| S|CS|TAMS 0x0000000086300000, 0x0000000086300000| Complete 
|  70|0x0000000086400000, 0x0000000086400000, 0x0000000086500000|  0%| F|  |TAMS 0x0000000086400000, 0x0000000086400000| Untracked 
|  71|0x0000000086500000, 0x0000000086500000, 0x0000000086600000|  0%| F|  |TAMS 0x0000000086500000, 0x0000000086500000| Untracked 
|  72|0x0000000086600000, 0x0000000086600000, 0x0000000086700000|  0%| F|  |TAMS 0x0000000086600000, 0x0000000086600000| Untracked 
|  73|0x0000000086700000, 0x0000000086700000, 0x0000000086800000|  0%| F|  |TAMS 0x0000000086700000, 0x0000000086700000| Untracked 
|  74|0x0000000086800000, 0x0000000086800000, 0x0000000086900000|  0%| F|  |TAMS 0x0000000086800000, 0x0000000086800000| Untracked 
|  75|0x0000000086900000, 0x0000000086900000, 0x0000000086a00000|  0%| F|  |TAMS 0x0000000086900000, 0x0000000086900000| Untracked 
|  76|0x0000000086a00000, 0x0000000086a00000, 0x0000000086b00000|  0%| F|  |TAMS 0x0000000086a00000, 0x0000000086a00000| Untracked 
|  77|0x0000000086b00000, 0x0000000086b00000, 0x0000000086c00000|  0%| F|  |TAMS 0x0000000086b00000, 0x0000000086b00000| Untracked 
|  78|0x0000000086c00000, 0x0000000086c00000, 0x0000000086d00000|  0%| F|  |TAMS 0x0000000086c00000, 0x0000000086c00000| Untracked 
|  79|0x0000000086d00000, 0x0000000086d00000, 0x0000000086e00000|  0%| F|  |TAMS 0x0000000086d00000, 0x0000000086d00000| Untracked 
|  80|0x0000000086e00000, 0x0000000086e00000, 0x0000000086f00000|  0%| F|  |TAMS 0x0000000086e00000, 0x0000000086e00000| Untracked 
|  81|0x0000000086f00000, 0x0000000086f00000, 0x0000000087000000|  0%| F|  |TAMS 0x0000000086f00000, 0x0000000086f00000| Untracked 
|  82|0x0000000087000000, 0x0000000087000000, 0x0000000087100000|  0%| F|  |TAMS 0x0000000087000000, 0x0000000087000000| Untracked 
|  83|0x0000000087100000, 0x0000000087100000, 0x0000000087200000|  0%| F|  |TAMS 0x0000000087100000, 0x0000000087100000| Untracked 
|  84|0x0000000087200000, 0x0000000087200000, 0x0000000087300000|  0%| F|  |TAMS 0x0000000087200000, 0x0000000087200000| Untracked 
|  85|0x0000000087300000, 0x0000000087300000, 0x0000000087400000|  0%| F|  |TAMS 0x0000000087300000, 0x0000000087300000| Untracked 
|  86|0x0000000087400000, 0x0000000087400000, 0x0000000087500000|  0%| F|  |TAMS 0x0000000087400000, 0x0000000087400000| Untracked 
|  87|0x0000000087500000, 0x0000000087500000, 0x0000000087600000|  0%| F|  |TAMS 0x0000000087500000, 0x0000000087500000| Untracked 
|  88|0x0000000087600000, 0x0000000087600000, 0x0000000087700000|  0%| F|  |TAMS 0x0000000087600000, 0x0000000087600000| Untracked 
|  89|0x0000000087700000, 0x0000000087700000, 0x0000000087800000|  0%| F|  |TAMS 0x0000000087700000, 0x0000000087700000| Untracked 
|  90|0x0000000087800000, 0x0000000087800000, 0x0000000087900000|  0%| F|  |TAMS 0x0000000087800000, 0x0000000087800000| Untracked 
|  91|0x0000000087900000, 0x0000000087900000, 0x0000000087a00000|  0%| F|  |TAMS 0x0000000087900000, 0x0000000087900000| Untracked 
|  92|0x0000000087a00000, 0x0000000087a00000, 0x0000000087b00000|  0%| F|  |TAMS 0x0000000087a00000, 0x0000000087a00000| Untracked 
|  93|0x0000000087b00000, 0x0000000087b00000, 0x0000000087c00000|  0%| F|  |TAMS 0x0000000087b00000, 0x0000000087b00000| Untracked 
|  94|0x0000000087c00000, 0x0000000087c00000, 0x0000000087d00000|  0%| F|  |TAMS 0x0000000087c00000, 0x0000000087c00000| Untracked 
|  95|0x0000000087d00000, 0x0000000087d00000, 0x0000000087e00000|  0%| F|  |TAMS 0x0000000087d00000, 0x0000000087d00000| Untracked 
|  96|0x0000000087e00000, 0x0000000087e00000, 0x0000000087f00000|  0%| F|  |TAMS 0x0000000087e00000, 0x0000000087e00000| Untracked 
|  97|0x0000000087f00000, 0x0000000087f00000, 0x0000000088000000|  0%| F|  |TAMS 0x0000000087f00000, 0x0000000087f00000| Untracked 
|  98|0x0000000088000000, 0x0000000088000000, 0x0000000088100000|  0%| F|  |TAMS 0x0000000088000000, 0x0000000088000000| Untracked 
|  99|0x0000000088100000, 0x0000000088100000, 0x0000000088200000|  0%| F|  |TAMS 0x0000000088100000, 0x0000000088100000| Untracked 
| 100|0x0000000088200000, 0x0000000088200000, 0x0000000088300000|  0%| F|  |TAMS 0x0000000088200000, 0x0000000088200000| Untracked 
| 101|0x0000000088300000, 0x0000000088300000, 0x0000000088400000|  0%| F|  |TAMS 0x0000000088300000, 0x0000000088300000| Untracked 
| 102|0x0000000088400000, 0x0000000088400000, 0x0000000088500000|  0%| F|  |TAMS 0x0000000088400000, 0x0000000088400000| Untracked 
| 103|0x0000000088500000, 0x0000000088500000, 0x0000000088600000|  0%| F|  |TAMS 0x0000000088500000, 0x0000000088500000| Untracked 
| 104|0x0000000088600000, 0x0000000088600000, 0x0000000088700000|  0%| F|  |TAMS 0x0000000088600000, 0x0000000088600000| Untracked 
| 105|0x0000000088700000, 0x0000000088700000, 0x0000000088800000|  0%| F|  |TAMS 0x0000000088700000, 0x0000000088700000| Untracked 
| 106|0x0000000088800000, 0x0000000088800000, 0x0000000088900000|  0%| F|  |TAMS 0x0000000088800000, 0x0000000088800000| Untracked 
| 107|0x0000000088900000, 0x0000000088900000, 0x0000000088a00000|  0%| F|  |TAMS 0x0000000088900000, 0x0000000088900000| Untracked 
| 108|0x0000000088a00000, 0x0000000088a00000, 0x0000000088b00000|  0%| F|  |TAMS 0x0000000088a00000, 0x0000000088a00000| Untracked 
| 109|0x0000000088b00000, 0x0000000088b00000, 0x0000000088c00000|  0%| F|  |TAMS 0x0000000088b00000, 0x0000000088b00000| Untracked 
| 110|0x0000000088c00000, 0x0000000088c00000, 0x0000000088d00000|  0%| F|  |TAMS 0x0000000088c00000, 0x0000000088c00000| Untracked 
| 111|0x0000000088d00000, 0x0000000088d00000, 0x0000000088e00000|  0%| F|  |TAMS 0x0000000088d00000, 0x0000000088d00000| Untracked 
| 112|0x0000000088e00000, 0x0000000088e00000, 0x0000000088f00000|  0%| F|  |TAMS 0x0000000088e00000, 0x0000000088e00000| Untracked 
| 113|0x0000000088f00000, 0x0000000088f00000, 0x0000000089000000|  0%| F|  |TAMS 0x0000000088f00000, 0x0000000088f00000| Untracked 
| 114|0x0000000089000000, 0x0000000089000000, 0x0000000089100000|  0%| F|  |TAMS 0x0000000089000000, 0x0000000089000000| Untracked 
| 115|0x0000000089100000, 0x0000000089100000, 0x0000000089200000|  0%| F|  |TAMS 0x0000000089100000, 0x0000000089100000| Untracked 
| 116|0x0000000089200000, 0x0000000089200000, 0x0000000089300000|  0%| F|  |TAMS 0x0000000089200000, 0x0000000089200000| Untracked 
| 117|0x0000000089300000, 0x0000000089300000, 0x0000000089400000|  0%| F|  |TAMS 0x0000000089300000, 0x0000000089300000| Untracked 
| 118|0x0000000089400000, 0x0000000089400000, 0x0000000089500000|  0%| F|  |TAMS 0x0000000089400000, 0x0000000089400000| Untracked 
| 119|0x0000000089500000, 0x0000000089500000, 0x0000000089600000|  0%| F|  |TAMS 0x0000000089500000, 0x0000000089500000| Untracked 
| 120|0x0000000089600000, 0x0000000089600000, 0x0000000089700000|  0%| F|  |TAMS 0x0000000089600000, 0x0000000089600000| Untracked 
| 121|0x0000000089700000, 0x0000000089700000, 0x0000000089800000|  0%| F|  |TAMS 0x0000000089700000, 0x0000000089700000| Untracked 
| 122|0x0000000089800000, 0x0000000089800000, 0x0000000089900000|  0%| F|  |TAMS 0x0000000089800000, 0x0000000089800000| Untracked 
| 123|0x0000000089900000, 0x0000000089900000, 0x0000000089a00000|  0%| F|  |TAMS 0x0000000089900000, 0x0000000089900000| Untracked 
| 124|0x0000000089a00000, 0x0000000089a00000, 0x0000000089b00000|  0%| F|  |TAMS 0x0000000089a00000, 0x0000000089a00000| Untracked 
| 125|0x0000000089b00000, 0x0000000089b00000, 0x0000000089c00000|  0%| F|  |TAMS 0x0000000089b00000, 0x0000000089b00000| Untracked 
| 126|0x0000000089c00000, 0x0000000089c00000, 0x0000000089d00000|  0%| F|  |TAMS 0x0000000089c00000, 0x0000000089c00000| Untracked 
| 127|0x0000000089d00000, 0x0000000089d00000, 0x0000000089e00000|  0%| F|  |TAMS 0x0000000089d00000, 0x0000000089d00000| Untracked 
| 128|0x0000000089e00000, 0x0000000089e00000, 0x0000000089f00000|  0%| F|  |TAMS 0x0000000089e00000, 0x0000000089e00000| Untracked 
| 129|0x0000000089f00000, 0x0000000089f00000, 0x000000008a000000|  0%| F|  |TAMS 0x0000000089f00000, 0x0000000089f00000| Untracked 
| 130|0x000000008a000000, 0x000000008a000000, 0x000000008a100000|  0%| F|  |TAMS 0x000000008a000000, 0x000000008a000000| Untracked 
| 131|0x000000008a100000, 0x000000008a100000, 0x000000008a200000|  0%| F|  |TAMS 0x000000008a100000, 0x000000008a100000| Untracked 
| 132|0x000000008a200000, 0x000000008a200000, 0x000000008a300000|  0%| F|  |TAMS 0x000000008a200000, 0x000000008a200000| Untracked 
| 133|0x000000008a300000, 0x000000008a300000, 0x000000008a400000|  0%| F|  |TAMS 0x000000008a300000, 0x000000008a300000| Untracked 
| 134|0x000000008a400000, 0x000000008a400000, 0x000000008a500000|  0%| F|  |TAMS 0x000000008a400000, 0x000000008a400000| Untracked 
| 135|0x000000008a500000, 0x000000008a500000, 0x000000008a600000|  0%| F|  |TAMS 0x000000008a500000, 0x000000008a500000| Untracked 
| 136|0x000000008a600000, 0x000000008a600000, 0x000000008a700000|  0%| F|  |TAMS 0x000000008a600000, 0x000000008a600000| Untracked 
| 137|0x000000008a700000, 0x000000008a700000, 0x000000008a800000|  0%| F|  |TAMS 0x000000008a700000, 0x000000008a700000| Untracked 
| 138|0x000000008a800000, 0x000000008a800000, 0x000000008a900000|  0%| F|  |TAMS 0x000000008a800000, 0x000000008a800000| Untracked 
| 139|0x000000008a900000, 0x000000008a900000, 0x000000008aa00000|  0%| F|  |TAMS 0x000000008a900000, 0x000000008a900000| Untracked 
| 140|0x000000008aa00000, 0x000000008aa00800, 0x000000008ab00000|  0%| E|  |TAMS 0x000000008aa00000, 0x000000008aa00000| Complete 
| 141|0x000000008ab00000, 0x000000008ac00000, 0x000000008ac00000|100%| E|CS|TAMS 0x000000008ab00000, 0x000000008ab00000| Complete 
| 142|0x000000008ac00000, 0x000000008ad00000, 0x000000008ad00000|100%| E|CS|TAMS 0x000000008ac00000, 0x000000008ac00000| Complete 
| 143|0x000000008ad00000, 0x000000008ae00000, 0x000000008ae00000|100%| E|CS|TAMS 0x000000008ad00000, 0x000000008ad00000| Complete 
| 144|0x000000008ae00000, 0x000000008af00000, 0x000000008af00000|100%| E|CS|TAMS 0x000000008ae00000, 0x000000008ae00000| Complete 
| 145|0x000000008af00000, 0x000000008b000000, 0x000000008b000000|100%| E|CS|TAMS 0x000000008af00000, 0x000000008af00000| Complete 
| 146|0x000000008b000000, 0x000000008b100000, 0x000000008b100000|100%| E|CS|TAMS 0x000000008b000000, 0x000000008b000000| Complete 
| 147|0x000000008b100000, 0x000000008b200000, 0x000000008b200000|100%| E|CS|TAMS 0x000000008b100000, 0x000000008b100000| Complete 
| 148|0x000000008b200000, 0x000000008b300000, 0x000000008b300000|100%| E|CS|TAMS 0x000000008b200000, 0x000000008b200000| Complete 
| 149|0x000000008b300000, 0x000000008b400000, 0x000000008b400000|100%| E|CS|TAMS 0x000000008b300000, 0x000000008b300000| Complete 
| 150|0x000000008b400000, 0x000000008b500000, 0x000000008b500000|100%| E|CS|TAMS 0x000000008b400000, 0x000000008b400000| Complete 
| 151|0x000000008b500000, 0x000000008b600000, 0x000000008b600000|100%| E|CS|TAMS 0x000000008b500000, 0x000000008b500000| Complete 
| 152|0x000000008b600000, 0x000000008b700000, 0x000000008b700000|100%| E|CS|TAMS 0x000000008b600000, 0x000000008b600000| Complete 
| 153|0x000000008b700000, 0x000000008b800000, 0x000000008b800000|100%| E|CS|TAMS 0x000000008b700000, 0x000000008b700000| Complete 

Card table byte_map: [0x000002e620da0000,0x000002e6211a0000] _byte_map_base: 0x000002e620991000

Marking Bits (Prev, Next): (CMBitMap*) 0x000002e60d0a46c0, (CMBitMap*) 0x000002e60d0a4688
 Prev Bits: [0x000002e623530000, 0x000002e6254b8000)
 Next Bits: [0x000002e6215a0000, 0x000002e623528000)

Polling page: 0x000002e60b740000

Metaspace:

Usage:
  Non-class:     25.68 MB capacity,    25.06 MB ( 98%) used,   572.17 KB (  2%) free+waste,    64.00 KB ( <1%) overhead. 
      Class:      3.51 MB capacity,     3.20 MB ( 91%) used,   282.77 KB (  8%) free+waste,    28.88 KB ( <1%) overhead. 
       Both:     29.19 MB capacity,    28.26 MB ( 97%) used,   854.95 KB (  3%) free+waste,    92.88 KB ( <1%) overhead. 

Virtual space:
  Non-class space:       26.00 MB reserved,      25.75 MB (>99%) committed 
      Class space:        1.00 GB reserved,       3.63 MB ( <1%) committed 
             Both:        1.03 GB reserved,      29.37 MB (  3%) committed 

Chunk freelists:
   Non-Class:  4.00 KB
       Class:  25.00 KB
        Both:  29.00 KB

CodeHeap 'non-profiled nmethods': size=120000Kb used=3250Kb max_used=3250Kb free=116749Kb
 bounds [0x000002e618a10000, 0x000002e618d40000, 0x000002e61ff40000]
CodeHeap 'profiled nmethods': size=120000Kb used=14516Kb max_used=14516Kb free=105484Kb
 bounds [0x000002e6114e0000, 0x000002e612310000, 0x000002e618a10000]
CodeHeap 'non-nmethods': size=5760Kb used=1163Kb max_used=1228Kb free=4596Kb
 bounds [0x000002e610f40000, 0x000002e6111b0000, 0x000002e6114e0000]
 total_blobs=7940 nmethods=6036 adapters=406
 compilation: enabled
              stopped_count=0, restarted_count=0
 full_count=0

Compilation events (10 events):
Event: 9.253 Thread 0x000002e627f8e800 5999       3       org.eclipse.aether.resolution.ArtifactDescriptorResult::setAliases (21 bytes)
Event: 9.253 Thread 0x000002e627f8e800 nmethod 5999 0x000002e6122e9190 code [0x000002e6122e9360, 0x000002e6122e9658]
Event: 9.253 Thread 0x000002e627f8e800 6000       3       org.eclipse.aether.resolution.ArtifactDescriptorResult::setDependencies (21 bytes)
Event: 9.253 Thread 0x000002e627f8e800 nmethod 6000 0x000002e6122e9710 code [0x000002e6122e98e0, 0x000002e6122e9bd8]
Event: 9.259 Thread 0x000002e6291cb800 nmethod 5985 0x000002e618d2bd90 code [0x000002e618d2bf40, 0x000002e618d2c218]
Event: 9.259 Thread 0x000002e6291cb800 5990   !   4       org.codehaus.plexus.interpolation.reflection.ReflectionValueExtractor::getPropertyValue (114 bytes)
Event: 9.259 Thread 0x000002e627f8e800 6010       3       java.io.File::length (33 bytes)
Event: 9.259 Thread 0x000002e627f8e800 nmethod 6010 0x000002e6122e9c90 code [0x000002e6122e9e80, 0x000002e6122ea270]
Event: 9.259 Thread 0x000002e627f8e800 6012       3       java.lang.Math::max (12 bytes)
Event: 9.260 Thread 0x000002e627f8e800 nmethod 6012 0x000002e6122ea390 code [0x000002e6122ea540, 0x000002e6122ea6d8]

GC Heap History (10 events):
Event: 4.127 GC heap before
{Heap before GC invocations=1 (full 0):
 garbage-first heap   total 131072K, used 78848K [0x0000000081e00000, 0x0000000100000000)
  region size 1024K, 76 young (77824K), 3 survivors (3072K)
 Metaspace       used 13888K, capacity 14901K, committed 15104K, reserved 1062912K
  class space    used 1601K, capacity 1779K, committed 1792K, reserved 1048576K
}
Event: 4.147 GC heap after
{Heap after GC invocations=2 (full 0):
 garbage-first heap   total 131072K, used 7903K [0x0000000081e00000, 0x0000000100000000)
  region size 1024K, 7 young (7168K), 7 survivors (7168K)
 Metaspace       used 13888K, capacity 14901K, committed 15104K, reserved 1062912K
  class space    used 1601K, capacity 1779K, committed 1792K, reserved 1048576K
}
Event: 6.029 GC heap before
{Heap before GC invocations=2 (full 0):
 garbage-first heap   total 131072K, used 78559K [0x0000000081e00000, 0x0000000100000000)
  region size 1024K, 76 young (77824K), 7 survivors (7168K)
 Metaspace       used 17509K, capacity 18254K, committed 18304K, reserved 1064960K
  class space    used 1969K, capacity 2156K, committed 2176K, reserved 1048576K
}
Event: 6.048 GC heap after
{Heap after GC invocations=3 (full 0):
 garbage-first heap   total 131072K, used 11039K [0x0000000081e00000, 0x0000000100000000)
  region size 1024K, 7 young (7168K), 7 survivors (7168K)
 Metaspace       used 17509K, capacity 18254K, committed 18304K, reserved 1064960K
  class space    used 1969K, capacity 2156K, committed 2176K, reserved 1048576K
}
Event: 6.266 GC heap before
{Heap before GC invocations=3 (full 0):
 garbage-first heap   total 131072K, used 22303K [0x0000000081e00000, 0x0000000100000000)
  region size 1024K, 19 young (19456K), 7 survivors (7168K)
 Metaspace       used 20414K, capacity 21138K, committed 21248K, reserved 1069056K
  class space    used 2356K, capacity 2545K, committed 2560K, reserved 1048576K
}
Event: 6.290 GC heap after
{Heap after GC invocations=4 (full 0):
 garbage-first heap   total 131072K, used 11764K [0x0000000081e00000, 0x0000000100000000)
  region size 1024K, 4 young (4096K), 4 survivors (4096K)
 Metaspace       used 20414K, capacity 21138K, committed 21248K, reserved 1069056K
  class space    used 2356K, capacity 2545K, committed 2560K, reserved 1048576K
}
Event: 7.377 GC heap before
{Heap before GC invocations=5 (full 0):
 garbage-first heap   total 131072K, used 71156K [0x0000000081e00000, 0x0000000100000000)
  region size 1024K, 63 young (64512K), 4 survivors (4096K)
 Metaspace       used 25134K, capacity 25935K, committed 26236K, reserved 1073152K
  class space    used 2866K, capacity 3097K, committed 3200K, reserved 1048576K
}
Event: 7.399 GC heap after
{Heap after GC invocations=6 (full 0):
 garbage-first heap   total 131072K, used 18643K [0x0000000081e00000, 0x0000000100000000)
  region size 1024K, 8 young (8192K), 8 survivors (8192K)
 Metaspace       used 25134K, capacity 25935K, committed 26236K, reserved 1073152K
  class space    used 2866K, capacity 3097K, committed 3200K, reserved 1048576K
}
Event: 8.929 GC heap before
{Heap before GC invocations=6 (full 0):
 garbage-first heap   total 131072K, used 78035K [0x0000000081e00000, 0x0000000100000000)
  region size 1024K, 66 young (67584K), 8 survivors (8192K)
 Metaspace       used 27890K, capacity 28809K, committed 29052K, reserved 1075200K
  class space    used 3132K, capacity 3446K, committed 3456K, reserved 1048576K
}
Event: 8.953 GC heap after
{Heap after GC invocations=7 (full 0):
 garbage-first heap   total 157696K, used 21134K [0x0000000081e00000, 0x0000000100000000)
  region size 1024K, 3 young (3072K), 3 survivors (3072K)
 Metaspace       used 27890K, capacity 28809K, committed 29052K, reserved 1075200K
  class space    used 3132K, capacity 3446K, committed 3456K, reserved 1048576K
}

Deoptimization events (10 events):
Event: 9.177 Thread 0x000002e60d066000 DEOPT PACKING pc=0x000002e618b9c6f0 sp=0x000000f8029fd910
Event: 9.177 Thread 0x000002e60d066000 DEOPT UNPACKING pc=0x000002e610f6922f sp=0x000000f8029fd8c0 mode 2
Event: 9.178 Thread 0x000002e60d066000 Uncommon trap: trap_request=0xffffffde fr.pc=0x000002e618b9c6f0 relative=0x00000000000004b0
Event: 9.178 Thread 0x000002e60d066000 Uncommon trap: reason=class_check action=maybe_recompile pc=0x000002e618b9c6f0 method=java.util.Hashtable.get(Ljava/lang/Object;)Ljava/lang/Object; @ 6 c2
Event: 9.178 Thread 0x000002e60d066000 DEOPT PACKING pc=0x000002e618b9c6f0 sp=0x000000f8029fd910
Event: 9.178 Thread 0x000002e60d066000 DEOPT UNPACKING pc=0x000002e610f6922f sp=0x000000f8029fd8c0 mode 2
Event: 9.179 Thread 0x000002e60d066000 Uncommon trap: trap_request=0xffffffde fr.pc=0x000002e618b9c6f0 relative=0x00000000000004b0
Event: 9.179 Thread 0x000002e60d066000 Uncommon trap: reason=class_check action=maybe_recompile pc=0x000002e618b9c6f0 method=java.util.Hashtable.get(Ljava/lang/Object;)Ljava/lang/Object; @ 6 c2
Event: 9.179 Thread 0x000002e60d066000 DEOPT PACKING pc=0x000002e618b9c6f0 sp=0x000000f8029fd910
Event: 9.179 Thread 0x000002e60d066000 DEOPT UNPACKING pc=0x000002e610f6922f sp=0x000000f8029fd8c0 mode 2

Classes redefined (0 events):
No events

Internal exceptions (10 events):
Event: 8.092 Thread 0x000002e60d066000 Exception <a 'sun/nio/fs/WindowsException'{0x0000000088675900}> (0x0000000088675900) thrown at [c:/BuildAgent/work/5ff2f6c26000d570/src/hotspot/share/prims/jni.cpp, line 615]
Event: 8.092 Thread 0x000002e60d066000 Exception <a 'sun/nio/fs/WindowsException'{0x0000000088675f98}> (0x0000000088675f98) thrown at [c:/BuildAgent/work/5ff2f6c26000d570/src/hotspot/share/prims/jni.cpp, line 615]
Event: 8.092 Thread 0x000002e60d066000 Exception <a 'sun/nio/fs/WindowsException'{0x0000000088676778}> (0x0000000088676778) thrown at [c:/BuildAgent/work/5ff2f6c26000d570/src/hotspot/share/prims/jni.cpp, line 615]
Event: 8.096 Thread 0x000002e60d066000 Exception <a 'sun/nio/fs/WindowsException'{0x000000008867d058}> (0x000000008867d058) thrown at [c:/BuildAgent/work/5ff2f6c26000d570/src/hotspot/share/prims/jni.cpp, line 615]
Event: 8.096 Thread 0x000002e60d066000 Exception <a 'sun/nio/fs/WindowsException'{0x000000008867d6d8}> (0x000000008867d6d8) thrown at [c:/BuildAgent/work/5ff2f6c26000d570/src/hotspot/share/prims/jni.cpp, line 615]
Event: 8.096 Thread 0x000002e60d066000 Exception <a 'sun/nio/fs/WindowsException'{0x000000008867de10}> (0x000000008867de10) thrown at [c:/BuildAgent/work/5ff2f6c26000d570/src/hotspot/share/prims/jni.cpp, line 615]
Event: 8.234 Thread 0x000002e60d066000 Exception <a 'sun/nio/fs/WindowsException'{0x00000000881d33e8}> (0x00000000881d33e8) thrown at [c:/BuildAgent/work/5ff2f6c26000d570/src/hotspot/share/prims/jni.cpp, line 615]
Event: 8.234 Thread 0x000002e60d066000 Exception <a 'sun/nio/fs/WindowsException'{0x00000000881d3a78}> (0x00000000881d3a78) thrown at [c:/BuildAgent/work/5ff2f6c26000d570/src/hotspot/share/prims/jni.cpp, line 615]
Event: 8.234 Thread 0x000002e60d066000 Exception <a 'sun/nio/fs/WindowsException'{0x00000000881d4208}> (0x00000000881d4208) thrown at [c:/BuildAgent/work/5ff2f6c26000d570/src/hotspot/share/prims/jni.cpp, line 615]
Event: 8.235 Thread 0x000002e60d066000 Exception <a 'sun/nio/fs/WindowsException'{0x00000000881d4910}> (0x00000000881d4910) thrown at [c:/BuildAgent/work/5ff2f6c26000d570/src/hotspot/share/prims/jni.cpp, line 615]

Events (10 events):
Event: 9.175 loading class org/codehaus/plexus/archiver/zip/AsiExtraField
Event: 9.175 loading class org/codehaus/plexus/archiver/zip/AsiExtraField done
Event: 9.175 loading class org/codehaus/plexus/archiver/zip/AsiExtraField
Event: 9.175 loading class org/codehaus/plexus/archiver/zip/AsiExtraField done
Event: 9.175 loading class org/codehaus/plexus/archiver/UnixStat
Event: 9.175 loading class org/codehaus/plexus/archiver/UnixStat done
Event: 9.175 loading class org/codehaus/plexus/archiver/UnixStat
Event: 9.175 loading class org/codehaus/plexus/archiver/UnixStat done
Event: 9.176 Executing VM operation: RevokeBias
Event: 9.176 Executing VM operation: RevokeBias done


Dynamic libraries:
0x00007ff6aa930000 - 0x00007ff6aa977000 	D:\JetBrains\IntelliJ IDEA 2019.2.3\jbr\bin\java.exe
0x00007ffa65640000 - 0x00007ffa65830000 	C:\WINDOWS\SYSTEM32\ntdll.dll
0x00007ffa63850000 - 0x00007ffa63902000 	C:\WINDOWS\System32\KERNEL32.DLL
0x00007ffa625d0000 - 0x00007ffa62874000 	C:\WINDOWS\System32\KERNELBASE.dll
0x00007ffa64af0000 - 0x00007ffa64c84000 	C:\WINDOWS\System32\USER32.dll
0x00007ffa63670000 - 0x00007ffa63691000 	C:\WINDOWS\System32\win32u.dll
0x00007ffa63a10000 - 0x00007ffa63a36000 	C:\WINDOWS\System32\GDI32.dll
0x00007ffa63200000 - 0x00007ffa63395000 	C:\WINDOWS\System32\gdi32full.dll
0x00007ffa63420000 - 0x00007ffa634be000 	C:\WINDOWS\System32\msvcp_win.dll
0x00007ffa62930000 - 0x00007ffa62a2a000 	C:\WINDOWS\System32\ucrtbase.dll
0x00007ffa52a60000 - 0x00007ffa52ce4000 	C:\WINDOWS\WinSxS\amd64_microsoft.windows.common-controls_6595b64144ccf1df_6.0.18362.900_none_e6beb9d913147d17\COMCTL32.dll
0x00007ffa653e0000 - 0x00007ffa6547e000 	C:\WINDOWS\System32\msvcrt.dll
0x00007ffa63c30000 - 0x00007ffa63f65000 	C:\WINDOWS\System32\combase.dll
0x00007ffa652c0000 - 0x00007ffa653e0000 	C:\WINDOWS\System32\RPCRT4.dll
0x00007ffa633a0000 - 0x00007ffa63420000 	C:\WINDOWS\System32\bcryptPrimitives.dll
0x00007ffa63c00000 - 0x00007ffa63c2e000 	C:\WINDOWS\System32\IMM32.DLL
0x00007ffa5cca0000 - 0x00007ffa5ccb7000 	D:\JetBrains\IntelliJ IDEA 2019.2.3\jbr\bin\vcruntime140.dll
0x00007ffa40380000 - 0x00007ffa4041d000 	D:\JetBrains\IntelliJ IDEA 2019.2.3\jbr\bin\msvcp140.dll
0x00007ffa2f190000 - 0x00007ffa2fc48000 	D:\JetBrains\IntelliJ IDEA 2019.2.3\jbr\bin\server\jvm.dll
0x00007ffa65480000 - 0x00007ffa65523000 	C:\WINDOWS\System32\ADVAPI32.dll
0x00007ffa63970000 - 0x00007ffa63a07000 	C:\WINDOWS\System32\sechost.dll
0x00007ffa647f0000 - 0x00007ffa647f8000 	C:\WINDOWS\System32\PSAPI.DLL
0x00007ffa5eb00000 - 0x00007ffa5eb24000 	C:\WINDOWS\SYSTEM32\WINMM.dll
0x00007ffa49700000 - 0x00007ffa49709000 	C:\WINDOWS\SYSTEM32\WSOCK32.dll
0x00007ffa55620000 - 0x00007ffa5562a000 	C:\WINDOWS\SYSTEM32\VERSION.dll
0x00007ffa649e0000 - 0x00007ffa64a4f000 	C:\WINDOWS\System32\WS2_32.dll
0x00007ffa5ead0000 - 0x00007ffa5eafd000 	C:\WINDOWS\SYSTEM32\winmmbase.dll
0x00007ffa631b0000 - 0x00007ffa631fa000 	C:\WINDOWS\System32\cfgmgr32.dll
0x00007ffa62530000 - 0x00007ffa62541000 	C:\WINDOWS\System32\kernel.appcore.dll
0x00007ffa5e900000 - 0x00007ffa5e911000 	D:\JetBrains\IntelliJ IDEA 2019.2.3\jbr\bin\verify.dll
0x00007ffa60e00000 - 0x00007ffa60ff4000 	C:\WINDOWS\SYSTEM32\DBGHELP.DLL
0x00007ffa430c0000 - 0x00007ffa430ea000 	C:\WINDOWS\SYSTEM32\dbgcore.DLL
0x00007ffa5e780000 - 0x00007ffa5e7a9000 	D:\JetBrains\IntelliJ IDEA 2019.2.3\jbr\bin\java.dll
0x00007ffa5e740000 - 0x00007ffa5e774000 	D:\JetBrains\IntelliJ IDEA 2019.2.3\jbr\bin\instrument.dll
0x00007ffa5e720000 - 0x00007ffa5e737000 	D:\JetBrains\IntelliJ IDEA 2019.2.3\jbr\bin\zip.dll
0x00007ffa5e8f0000 - 0x00007ffa5e8fb000 	D:\JetBrains\IntelliJ IDEA 2019.2.3\jbr\bin\jimage.dll
0x00007ffa64100000 - 0x00007ffa647e6000 	C:\WINDOWS\System32\SHELL32.dll
0x00007ffa64800000 - 0x00007ffa648a9000 	C:\WINDOWS\System32\shcore.dll
0x00007ffa62a30000 - 0x00007ffa631b0000 	C:\WINDOWS\System32\windows.storage.dll
0x00007ffa62550000 - 0x00007ffa62573000 	C:\WINDOWS\System32\profapi.dll
0x00007ffa62580000 - 0x00007ffa625ca000 	C:\WINDOWS\System32\powrprof.dll
0x00007ffa62500000 - 0x00007ffa62510000 	C:\WINDOWS\System32\UMPDC.dll
0x00007ffa64910000 - 0x00007ffa64962000 	C:\WINDOWS\System32\shlwapi.dll
0x00007ffa636d0000 - 0x00007ffa636e7000 	C:\WINDOWS\System32\cryptsp.dll
0x00007ffa5e700000 - 0x00007ffa5e71a000 	D:\JetBrains\IntelliJ IDEA 2019.2.3\jbr\bin\net.dll
0x00007ffa51450000 - 0x00007ffa51626000 	C:\WINDOWS\SYSTEM32\urlmon.dll
0x00007ffa54df0000 - 0x00007ffa54ee0000 	C:\WINDOWS\SYSTEM32\WINHTTP.dll
0x00007ffa50910000 - 0x00007ffa50bb6000 	C:\WINDOWS\SYSTEM32\iertutil.dll
0x00007ffa61f40000 - 0x00007ffa61f4c000 	C:\WINDOWS\SYSTEM32\CRYPTBASE.DLL
0x00007ffa61d70000 - 0x00007ffa61dd7000 	C:\WINDOWS\system32\mswsock.dll
0x00007ffa5e6e0000 - 0x00007ffa5e6f4000 	D:\JetBrains\IntelliJ IDEA 2019.2.3\jbr\bin\nio.dll
0x00007ffa40cb0000 - 0x00007ffa40cca000 	D:\JetBrains\IntelliJ IDEA 2019.2.3\bin\breakgen64.dll
0x00007ffa618e0000 - 0x00007ffa61913000 	C:\WINDOWS\system32\rsaenh.dll
0x00007ffa636a0000 - 0x00007ffa636c6000 	C:\WINDOWS\System32\bcrypt.dll
0x00007ffa62420000 - 0x00007ffa62445000 	C:\WINDOWS\SYSTEM32\USERENV.dll
0x00007ffa61a80000 - 0x00007ffa61aba000 	C:\WINDOWS\SYSTEM32\IPHLPAPI.DLL
0x00007ffa640f0000 - 0x00007ffa640f8000 	C:\WINDOWS\System32\NSI.dll
0x00007ffa59670000 - 0x00007ffa59686000 	C:\WINDOWS\SYSTEM32\dhcpcsvc6.DLL
0x00007ffa59650000 - 0x00007ffa5966c000 	C:\WINDOWS\SYSTEM32\dhcpcsvc.DLL
0x00007ffa61ac0000 - 0x00007ffa61b8b000 	C:\WINDOWS\SYSTEM32\DNSAPI.dll
0x00007ffa527e0000 - 0x00007ffa527ea000 	C:\Users\Lenovo\AppData\Local\Temp\jansi-1.17.1-12729451604570889240.dll
0x00007ffa50f00000 - 0x00007ffa50f0a000 	C:\Users\Lenovo\AppData\Local\Temp\jansi-1.17.1-13502825600326270011.dll

dbghelp: loaded successfully - version: 4.0.5 - missing functions: none
symbol engine: initialized successfully - sym options: 0x614 - pdb path: .;D:\JetBrains\IntelliJ IDEA 2019.2.3\jbr\bin;C:\WINDOWS\SYSTEM32;C:\WINDOWS\WinSxS\amd64_microsoft.windows.common-controls_6595b64144ccf1df_6.0.18362.900_none_e6beb9d913147d17;D:\JetBrains\IntelliJ IDEA 2019.2.3\jbr\bin\server;D:\JetBrains\IntelliJ IDEA 2019.2.3\bin;C:\Users\Lenovo\AppData\Local\Temp

VM Arguments:
jvm_args: -Dmaven.multiModuleProjectDirectory=E:\IdeaProjects\commongeneticalgorithm -Dmaven.home=D:\JetBrains\IntelliJ IDEA 2019.2.3\plugins\maven\lib\maven3 -Dclassworlds.conf=D:\JetBrains\IntelliJ IDEA 2019.2.3\plugins\maven\lib\maven3\bin\m2.conf -Dmaven.ext.class.path=D:\JetBrains\IntelliJ IDEA 2019.2.3\plugins\maven\lib\maven-event-listener.jar -javaagent:D:\JetBrains\IntelliJ IDEA 2019.2.3\lib\idea_rt.jar=53952:D:\JetBrains\IntelliJ IDEA 2019.2.3\bin -Dfile.encoding=UTF-8 
java_command: org.codehaus.classworlds.Launcher -Didea.version2019.2.3 -s D:\apache-maven-3.5.4-bin\apache-maven-3.5.4\conf\settings.xml install
java_class_path (initial): D:\JetBrains\IntelliJ IDEA 2019.2.3\plugins\maven\lib\maven3\boot\plexus-classworlds-2.6.0.jar
Launcher Type: SUN_STANDARD

[Global flags]
     intx CICompilerCount                          = 4                                         {product} {ergonomic}
     uint ConcGCThreads                            = 2                                         {product} {ergonomic}
     uint G1ConcRefinementThreads                  = 8                                         {product} {ergonomic}
   size_t G1HeapRegionSize                         = 1048576                                   {product} {ergonomic}
    uintx GCDrainStackTargetSize                   = 64                                        {product} {ergonomic}
   size_t InitialHeapSize                          = 134217728                                 {product} {ergonomic}
   size_t MarkStackSize                            = 4194304                                   {product} {ergonomic}
   size_t MaxHeapSize                              = 2116026368                                {product} {ergonomic}
   size_t MaxNewSize                               = 1268776960                                {product} {ergonomic}
   size_t MinHeapDeltaBytes                        = 1048576                                   {product} {ergonomic}
    uintx NonNMethodCodeHeapSize                   = 5835340                                {pd product} {ergonomic}
    uintx NonProfiledCodeHeapSize                  = 122911450                              {pd product} {ergonomic}
    uintx ProfiledCodeHeapSize                     = 122911450                              {pd product} {ergonomic}
    uintx ReservedCodeCacheSize                    = 251658240                              {pd product} {ergonomic}
     bool SegmentedCodeCache                       = true                                      {product} {ergonomic}
     bool UseCompressedClassPointers               = true                                 {lp64_product} {ergonomic}
     bool UseCompressedOops                        = true                                 {lp64_product} {ergonomic}
     bool UseG1GC                                  = true                                      {product} {ergonomic}
     bool UseLargePagesIndividualAllocation        = false                                  {pd product} {ergonomic}

Logging:
Log output configuration:
 #0: stdout all=warning uptime,level,tags
 #1: stderr all=off uptime,level,tags

Environment Variables:
JAVA_HOME=D:\java\jdk-11
CLASSPATH=.D:\java\jdk-11\lib;D:\java\jdk-11\lib\tools.jar
PATH=D:\mingw-w64\x86_64-8.1.0-posix-seh-rt_v6-rev0\mingw64\bin;C:\Program Files\Alacritty\;D:\Python\Python38\;D:\Python\Python38\Scripts\;C:\Program Files\NVIDIA GPU Computing Toolkit\CUDA\v9.0\bin;C:\Program Files\NVIDIA GPU Computing Toolkit\CUDA\v9.0\lib;C:\Program Files\Microsoft MPI\Bin\;C:\Program Files (x86)\Intel\iCLS Client\;C:\Program Files\Intel\iCLS Client\;C:\WINDOWS\system32;C:\WINDOWS;C:\WINDOWS\System32\Wbem;C:\WINDOWS\System32\WindowsPowerShell\v1.0\;C:\Program Files (x86)\Intel\Intel(R) Management Engine Components\DAL;C:\Program Files\Intel\Intel(R) Management Engine Components\DAL;C:\Program Files (x86)\Intel\Intel(R) Management Engine Components\IPT;C:\Program Files\Intel\Intel(R) Management Engine Components\IPT;C:\Program Files\dotnet\;D:\apache-maven-3.5.4-bin\apache-maven-3.5.4\bin;D:\Git\cmd;D:\.cargo\bin;C:\Program Files (x86)\NVIDIA Corporation\PhysX\Common;D:\cudnn-9.0-windows10-x64-v7.2.1.38\cuda\bin;E:\software\CMake\bin;C:\Program Files\Microsoft SQL Server\130\Tools\Binn\;C:\Windows\System32;E:\scala\bin;D:\sbt\bin;C:\ProgramData\chocolatey\bin;C:\Program Files\Git LFS;D:\java\jdk-11\bin;D:\Microsoft Visual Studio\2017\Community\Common7\IDE;D:\Microsoft Visual Studio\2017\Community;D:\GOPATH\bin;D:\nodejs\node_global;E:\software\Android\SDK\tools;E:\software\gradle-4.10.2-bin\gradle-4.10.2\bin;C:\Program Files\Common Files\Intel\WirelessCommon\;E:\software\svn\bin;D:\automake\automake.exe;D:\gdbconfig;C:\Program Files\Intel\WiFi\bin\;D:\Python\Python37\;D:\Graphviz2.38\bin;D:\Julia-1.3.1\bin;D:\Lua\5.1;D:\Lua\5.1\clibs;D:\PuTTY\;D:\hadoop-3.1.2\hadoop-3.1.2\bin;D:\Go\bin;C:\WINDOWS\system32;C:\WINDOWS;C:\WINDOWS\System32\Wbem;C:\WINDOWS\System32\WindowsPowerShell\v1.0\;C:\WINDOWS\System32\OpenSSH\;E:\software\Android\SDK\platform-tools;E:\software\Android\SDK\emulator;E:\software\Android\SDK\tools;E:\software\Android\SDK\tools\bin;E:\flutter_windows_v1.12.13+hotfix.8-stable\flutter\bin;E:\herowuking-dart-sdk-master\dart-sdk\sdk\bin;E:
USERNAME=Lenovo
OS=Windows_NT
PROCESSOR_IDENTIFIER=Intel64 Family 6 Model 142 Stepping 10, GenuineIntel



---------------  S Y S T E M  ---------------

OS: Windows 10 , 64 bit Build 18362 (10.0.18362.900)

CPU:total 8 (initial active 8) (4 cores per cpu, 2 threads per core) family 6 model 142 stepping 10, cmov, cx8, fxsr, mmx, sse, sse2, sse3, ssse3, sse4.1, sse4.2, popcnt, avx, avx2, aes, clmul, erms, 3dnowpref, lzcnt, ht, tsc, tscinvbit, bmi1, bmi2, adx, fma

Memory: 4k page, system-wide physical 8066M (1119M free)
TotalPageFile size 12162M (AvailPageFile size 10M)
current process WorkingSet (physical memory assigned to process): 276M, peak: 281M
current process commit charge ("private bytes"): 345M, peak: 352M

vm_info: OpenJDK 64-Bit Server VM (11.0.4+10-b304.69) for windows-amd64 JRE (11.0.4+10-b304.69), built on Sep  9 2019 11:39:50 by "" with MS VC++ 14.0 (VS2015)

END.
